<?xml version="1.0" encoding="UTF-8"?>
<!-- Generated by org.testng.reporters.JUnitXMLReporter -->
<testsuite ignored="0" hostname="DESKTOP-GMHIOK6" failures="0" tests="3" name="Default test" time="12.576" errors="0" timestamp="2023-04-19T00:09:22 IST">
  <testcase classname="testNG.Parallel_excution_method" name="tc1" time="4.076"/>
  <testcase classname="testNG.Parallel_excution_method" name="tc2" time="2.483"/>
  <testcase classname="testNG.Parallel_excution_method" name="tc3" time="5.991"/>
</testsuite> <!-- Default test -->
