<?xml version="1.0" encoding="UTF-8"?>
<!-- Generated by org.testng.reporters.JUnitXMLReporter -->
<testsuite ignored="0" hostname="DESKTOP-GMHIOK6" failures="0" tests="7" name="Default test" time="26.967" errors="0" timestamp="2023-03-26T19:32:31 IST">
  <testcase classname="testNG.Priority_cocept" name="tc1" time="3.762"/>
  <testcase classname="testNG.Priority_cocept" name="tc7" time="4.348"/>
  <testcase classname="testNG.Priority_cocept" name="tc6" time="5.482"/>
  <testcase classname="testNG.Priority_cocept" name="tc2" time="4.252"/>
  <testcase classname="testNG.Priority_cocept" name="tc4" time="2.317"/>
  <testcase classname="testNG.Priority_cocept" name="tc3" time="2.496"/>
  <testcase classname="testNG.Priority_cocept" name="tc5" time="2.925"/>
</testsuite> <!-- Default test -->
