<?xml version="1.0" encoding="UTF-8"?>
<!-- Generated by org.testng.reporters.JUnitXMLReporter -->
<testsuite ignored="0" hostname="DESKTOP-GMHIOK6" failures="0" tests="10" name="Test" time="39.275" errors="0" timestamp="2023-03-26T19:33:19 IST">
  <testcase classname="testNG.Priority_cocept" name="tc1" time="4.259"/>
  <testcase classname="testNG.Parallel_excution_method" name="tc1" time="11.614"/>
  <testcase classname="testNG.Priority_cocept" name="tc7" time="6.564"/>
  <testcase classname="testNG.Parallel_excution_method" name="tc2" time="2.871"/>
  <testcase classname="testNG.Priority_cocept" name="tc6" time="7.346"/>
  <testcase classname="testNG.Parallel_excution_method" name="tc3" time="13.344"/>
  <testcase classname="testNG.Priority_cocept" name="tc2" time="12.859"/>
  <testcase classname="testNG.Priority_cocept" name="tc4" time="1.822"/>
  <testcase classname="testNG.Priority_cocept" name="tc3" time="1.999"/>
  <testcase classname="testNG.Priority_cocept" name="tc5" time="2.993"/>
</testsuite> <!-- Test -->
