<?xml version="1.0" encoding="UTF-8"?>
<testng-results ignored="0" total="3" passed="3" failed="0" skipped="0">
  <reporter-output>
  </reporter-output>
  <suite started-at="2023-04-19T00:09:10 IST" name="Default suite" finished-at="2023-04-19T00:09:22 IST" duration-ms="12576">
    <groups>
    </groups>
    <test started-at="2023-04-19T00:09:10 IST" name="Default test" finished-at="2023-04-19T00:09:22 IST" duration-ms="12576">
      <class name="testNG.Parallel_excution_method">
        <test-method signature="tc1()[pri:0, instance:testNG.Parallel_excution_method@3fb1549b]" started-at="2023-04-19T00:09:10 IST" name="tc1" finished-at="2023-04-19T00:09:14 IST" duration-ms="4076" status="PASS">
          <reporter-output>
          </reporter-output>
        </test-method> <!-- tc1 -->
        <test-method signature="tc2()[pri:0, instance:testNG.Parallel_excution_method@3fb1549b]" started-at="2023-04-19T00:09:14 IST" name="tc2" finished-at="2023-04-19T00:09:16 IST" duration-ms="2483" status="PASS">
          <reporter-output>
          </reporter-output>
        </test-method> <!-- tc2 -->
        <test-method signature="tc3()[pri:0, instance:testNG.Parallel_excution_method@3fb1549b]" started-at="2023-04-19T00:09:16 IST" name="tc3" finished-at="2023-04-19T00:09:22 IST" duration-ms="5991" status="PASS">
          <reporter-output>
          </reporter-output>
        </test-method> <!-- tc3 -->
      </class> <!-- testNG.Parallel_excution_method -->
    </test> <!-- Default test -->
  </suite> <!-- Default suite -->
</testng-results>
