<?xml version="1.0" encoding="UTF-8"?>
<testng-results ignored="0" total="3" passed="3" failed="0" skipped="0">
  <reporter-output>
  </reporter-output>
  <suite started-at="2023-03-26T20:05:28 IST" name="Suite" finished-at="2023-03-26T20:05:42 IST" duration-ms="13899">
    <groups>
    </groups>
    <test started-at="2023-03-26T20:05:28 IST" name="FireFoxTest" finished-at="2023-03-26T20:05:40 IST" duration-ms="11848">
      <class name="testNG_crossBrowser.CrossBrowser_Testing">
        <test-method signature="tc1(java.lang.String)[pri:0, instance:testNG_crossBrowser.CrossBrowser_Testing@55634720]" started-at="2023-03-26T20:05:28 IST" name="tc1" finished-at="2023-03-26T20:05:40 IST" duration-ms="11817" status="PASS">
          <params>
            <param index="0">
              <value>
                <![CDATA[fireFox]]>
              </value>
            </param>
          </params>
          <reporter-output>
          </reporter-output>
        </test-method> <!-- tc1 -->
      </class> <!-- testNG_crossBrowser.CrossBrowser_Testing -->
    </test> <!-- FireFoxTest -->
    <test started-at="2023-03-26T20:05:28 IST" name="ChromeTest" finished-at="2023-03-26T20:05:41 IST" duration-ms="13278">
      <class name="testNG_crossBrowser.CrossBrowser_Testing">
        <test-method signature="tc1(java.lang.String)[pri:0, instance:testNG_crossBrowser.CrossBrowser_Testing@28f2a10f]" started-at="2023-03-26T20:05:28 IST" name="tc1" finished-at="2023-03-26T20:05:41 IST" duration-ms="13250" status="PASS">
          <params>
            <param index="0">
              <value>
                <![CDATA[chrome]]>
              </value>
            </param>
          </params>
          <reporter-output>
          </reporter-output>
        </test-method> <!-- tc1 -->
      </class> <!-- testNG_crossBrowser.CrossBrowser_Testing -->
    </test> <!-- ChromeTest -->
    <test started-at="2023-03-26T20:05:28 IST" name="EdgeTest" finished-at="2023-03-26T20:05:42 IST" duration-ms="13898">
      <class name="testNG_crossBrowser.CrossBrowser_Testing">
        <test-method signature="tc1(java.lang.String)[pri:0, instance:testNG_crossBrowser.CrossBrowser_Testing@2d710f1a]" started-at="2023-03-26T20:05:28 IST" name="tc1" finished-at="2023-03-26T20:05:42 IST" duration-ms="13871" status="PASS">
          <params>
            <param index="0">
              <value>
                <![CDATA[edge]]>
              </value>
            </param>
          </params>
          <reporter-output>
          </reporter-output>
        </test-method> <!-- tc1 -->
      </class> <!-- testNG_crossBrowser.CrossBrowser_Testing -->
    </test> <!-- EdgeTest -->
  </suite> <!-- Suite -->
</testng-results>
